[debug] [2022-07-14T22:00:12.609Z] ----------------------------------------------------------------------
[debug] [2022-07-14T22:00:12.612Z] Command:       C:\Program Files\nodejs\node.exe C:\Users\PC-09\AppData\Roaming\npm\node_modules\firebase-tools\lib\bin\firebase.js init
[debug] [2022-07-14T22:00:12.612Z] CLI Version:   11.2.2
[debug] [2022-07-14T22:00:12.613Z] Platform:      win32
[debug] [2022-07-14T22:00:12.613Z] Node Version:  v16.15.0
[debug] [2022-07-14T22:00:12.614Z] Time:          Thu Jul 14 2022 18:00:12 GMT-0400 (hora de Bolivia)
[debug] [2022-07-14T22:00:12.615Z] ----------------------------------------------------------------------
[debug] 
[debug] [2022-07-14T22:00:12.726Z] > command requires scopes: ["email","openid","https://www.googleapis.com/auth/cloudplatformprojects.readonly","https://www.googleapis.com/auth/firebase","https://www.googleapis.com/auth/cloud-platform"]
[debug] [2022-07-14T22:00:12.727Z] > authorizing via signed-in user (cami161201@gmail.com)
[info] 
     ######## #### ########  ######## ########     ###     ######  ########
     ##        ##  ##     ## ##       ##     ##  ##   ##  ##       ##
     ######    ##  ########  ######   ########  #########  ######  ######
     ##        ##  ##    ##  ##       ##     ## ##     ##       ## ##
     ##       #### ##     ## ######## ########  ##     ##  ######  ########

You're about to initialize a Firebase project in this directory:

  C:\Users\PC-09\Documents\Cuora

Before we get started, keep in mind:

  * You are initializing within an existing Firebase project directory

[info] 
=== Project Setup
[info] 
[info] First, let's associate this project directory with a Firebase project.
[info] You can create multiple project aliases by running firebase use --add, 
[info] but for now we'll just set up a default project.
[info] 
[debug] [2022-07-14T22:00:28.964Z] Using project from CLI flag: prueba-foro-16
[debug] [2022-07-14T22:00:28.967Z] >>> [apiv2][query] GET https://firebase.googleapis.com/v1beta1/projects/prueba-foro-16 [none]
[debug] [2022-07-14T22:00:29.470Z] <<< [apiv2][status] GET https://firebase.googleapis.com/v1beta1/projects/prueba-foro-16 200
[debug] [2022-07-14T22:00:29.470Z] <<< [apiv2][body] GET https://firebase.googleapis.com/v1beta1/projects/prueba-foro-16 {"projectId":"prueba-foro-16","projectNumber":"188485917513","displayName":"prueba-foro-16","name":"projects/prueba-foro-16","resources":{"hostingSite":"prueba-foro-16","storageBucket":"prueba-foro-16.appspot.com","locationId":"us-central"},"state":"ACTIVE"}
[info] i  Using project prueba-foro-16 (prueba-foro-16) 
[info] 
=== Hosting Setup
[info] 
[info] Your public directory is the folder (relative to your project directory) that
[info] will contain Hosting assets to be uploaded with firebase deploy. If you
[info] have a build process for your assets, use your build's output directory.
[info] 
[info] +  Wrote public/404.html 
[debug] [2022-07-14T22:06:30.952Z] >>> [apiv2][query] GET https://www.gstatic.com/firebasejs/releases.json [none]
[debug] [2022-07-14T22:06:31.887Z] <<< [apiv2][status] GET https://www.gstatic.com/firebasejs/releases.json 200
[debug] [2022-07-14T22:06:31.888Z] <<< [apiv2][body] GET https://www.gstatic.com/firebasejs/releases.json {"current":{"version":"9.9.0","browserURL":"https://www.gstatic.com/firebasejs/9.9.0/firebase.js","packageURL":"https://www.gstatic.com/firebasejs/9.9.0/firebase.tgz"},"live":{"version":"9.9","browserURL":"https://www.gstatic.com/firebasejs/live/9.9/firebase.js","packageURL":"https://www.gstatic.com/firebasejs/live/9.9/firebase.tgz"},"components":{"analytics":"https://www.gstatic.com/firebasejs/9.9.0/firebase-analytics.js","app":"https://www.gstatic.com/firebasejs/9.9.0/firebase-app.js","app-check":"https://www.gstatic.com/firebasejs/9.9.0/firebase-app-check.js","auth":"https://www.gstatic.com/firebasejs/9.9.0/firebase-auth.js","auth/cordova":"https://www.gstatic.com/firebasejs/9.9.0/firebase-auth/cordova.js","auth/react-native":"https://www.gstatic.com/firebasejs/9.9.0/firebase-auth/react-native.js","functions":"https://www.gstatic.com/firebasejs/9.9.0/firebase-functions.js","firestore":"https://www.gstatic.com/firebasejs/9.9.0/firebase-firestore.js","firestore/lite":"https://www.gstatic.com/firebasejs/9.9.0/firebase-firestore/lite.js","installations":"https://www.gstatic.com/firebasejs/9.9.0/firebase-installations.js","storage":"https://www.gstatic.com/firebasejs/9.9.0/firebase-storage.js","performance":"https://www.gstatic.com/firebasejs/9.9.0/firebase-performance.js","remote-config":"https://www.gstatic.com/firebasejs/9.9.0/firebase-remote-config.js","messaging":"https://www.gstatic.com/firebasejs/9.9.0/firebase-messaging.js","messaging/sw":"https://www.gstatic.com/firebasejs/9.9.0/firebase-messaging/sw.js","database":"https://www.gstatic.com/firebasejs/9.9.0/firebase-database.js","firestore.memory":"https://www.gstatic.com/firebasejs/9.9.0/firebase-firestore.memory.js"}}
[info] +  Wrote public/index.html 
[info] 
[info] i  Detected a .git folder at C:\Users\PC-09\Documents\Cuora 
[info] i  Authorizing with GitHub to upload your service account to a GitHub repository's secrets store. 
[info] 
[info] Visit this URL on this device to log in:
[info] https://github.com/login/oauth/authorize?client_id=89cf50f02ac6aaed3484&state=625202660&redirect_uri=http%3A%2F%2Flocalhost%3A9005&scope=read%3Auser%20repo%20public_repo
[info] 
[info] Waiting for authentication...
[debug] [2022-07-14T22:06:39.153Z] >>> [apiv2][query] POST https://github.com/login/oauth/access_token [none]
[debug] [2022-07-14T22:06:39.153Z] >>> [apiv2][body] POST https://github.com/login/oauth/access_token [stream]
[debug] [2022-07-14T22:06:40.021Z] <<< [apiv2][status] POST https://github.com/login/oauth/access_token 200
[debug] [2022-07-14T22:06:40.021Z] <<< [apiv2][body] POST https://github.com/login/oauth/access_token {"access_token":"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","token_type":"bearer","scope":"read:user,repo"}
[debug] [2022-07-14T22:06:40.038Z] >>> [apiv2][query] GET https://api.github.com/user [none]
[debug] [2022-07-14T22:06:41.022Z] <<< [apiv2][status] GET https://api.github.com/user 200
[debug] [2022-07-14T22:06:41.023Z] <<< [apiv2][body] GET https://api.github.com/user {"login":"cami1612","id":109316374,"node_id":"U_kgDOBoQJFg","avatar_url":"https://avatars.githubusercontent.com/u/109316374?v=4","gravatar_id":"","url":"https://api.github.com/users/cami1612","html_url":"https://github.com/cami1612","followers_url":"https://api.github.com/users/cami1612/followers","following_url":"https://api.github.com/users/cami1612/following{/other_user}","gists_url":"https://api.github.com/users/cami1612/gists{/gist_id}","starred_url":"https://api.github.com/users/cami1612/starred{/owner}{/repo}","subscriptions_url":"https://api.github.com/users/cami1612/subscriptions","organizations_url":"https://api.github.com/users/cami1612/orgs","repos_url":"https://api.github.com/users/cami1612/repos","events_url":"https://api.github.com/users/cami1612/events{/privacy}","received_events_url":"https://api.github.com/users/cami1612/received_events","type":"User","site_admin":false,"name":null,"company":null,"blog":"","location":null,"email":null,"hireable":null,"bio":null,"twitter_username":null,"public_repos":1,"public_gists":0,"followers":0,"following":0,"created_at":"2022-07-14T22:03:51Z","updated_at":"2022-07-14T22:03:51Z","private_gists":0,"total_private_repos":0,"owned_private_repos":0,"disk_usage":0,"collaborators":0,"two_factor_authentication":false,"plan":{"name":"free","space":976562499,"collaborators":0,"private_repos":10000}}
[info] 
[info] +  Success! Logged into GitHub as cami1612 
[info] 
